Microsoft (R) Macro Assembler Version 14.37.32822.0	    11/22/23 19:41:23
asem2.asm						     Page 1 - 1


				.586P
				.MODEL FLAT, STDCALL
				includelib kernel32.lib

				ExitProcess PROTO :DWORD
				MessageBoxA PROTO :DWORD, :DWORD, :DWORD, :DWORD

				.STACK 4096										

 00000000			.CONST													

 00000000			.DATA				
 00000000 00000005				numb1 dd 5
 00000004 00000004				numb2 dd 4
 00000008 CE EA ED EE 00			wind db "Окно", 0
 0000000D D0 E5 E7 F3 EB			result db "Результат вычислений = < >", 0 
	   FC F2 E0 F2 20
	   E2 FB F7 E8 F1
	   EB E5 ED E8 E9
	   20 3D 20 3C 20
	   3E 00

 00000000			.CODE													

 00000000			main PROC												
 00000000			START :													
 00000000  A1 00000000 R			mov eax, numb1
 00000005  03 05 00000004 R			add eax, numb2
 0000000B  83 C0 30				add eax, 30h
						
 0000000E  A2 00000025 R			mov result+24, al
						
						invoke MessageBoxA, 0, offset result, offset wind, 0

 00000026  6A 00				push 0
 00000028  E8 00000000 E			call ExitProcess
 0000002D			main ENDP

				end main		
Microsoft (R) Macro Assembler Version 14.37.32822.0	    11/22/23 19:41:23
asem2.asm						     Symbols 2 - 1




Segments and Groups:

                N a m e                 Size     Length   Align   Combine Class

CONST  . . . . . . . . . . . . .	32 Bit	 00000000 Para	  Public  'CONST'	 ReadOnly
FLAT . . . . . . . . . . . . . .	GROUP
STACK  . . . . . . . . . . . . .	32 Bit	 00001000 Para	  Stack	  'STACK'	 
_DATA  . . . . . . . . . . . . .	32 Bit	 00000028 Para	  Public  'DATA'	
_TEXT  . . . . . . . . . . . . .	32 Bit	 0000002D Para	  Public  'CODE'	


Procedures, parameters, and locals:

                N a m e                 Type     Value    Attr

ExitProcess  . . . . . . . . . .	P Near	 00000000 FLAT	Length= 00000000 External STDCALL
MessageBoxA  . . . . . . . . . .	P Near	 00000000 FLAT	Length= 00000000 External STDCALL
main . . . . . . . . . . . . . .	P Near	 00000000 _TEXT	Length= 0000002D Public STDCALL
  START  . . . . . . . . . . . .	L Near	 00000000 _TEXT	


Symbols:

                N a m e                 Type     Value    Attr

@CodeSize  . . . . . . . . . . .	Number	 00000000h   
@DataSize  . . . . . . . . . . .	Number	 00000000h   
@Interface . . . . . . . . . . .	Number	 00000003h   
@Model . . . . . . . . . . . . .	Number	 00000007h   
@code  . . . . . . . . . . . . .	Text   	 _TEXT
@data  . . . . . . . . . . . . .	Text   	 FLAT
@fardata?  . . . . . . . . . . .	Text   	 FLAT
@fardata . . . . . . . . . . . .	Text   	 FLAT
@stack . . . . . . . . . . . . .	Text   	 FLAT
numb1  . . . . . . . . . . . . .	DWord	 00000000 _DATA	
numb2  . . . . . . . . . . . . .	DWord	 00000004 _DATA	
result . . . . . . . . . . . . .	Byte	 0000000D _DATA	
wind . . . . . . . . . . . . . .	Byte	 00000008 _DATA	

	   0 Warnings
	   0 Errors
