Microsoft (R) Macro Assembler (x64) Version 14.37.32822.0   11/22/23 11:32:33
asem1.asm						     Page 1 - 1


				.586P
asem1.asm(1) : error A2008:syntax error : .
				.MODEL FLAT, STDCALL
asem1.asm(2) : error A2008:syntax error : .
				includelib kernel32.lib

				ExitProcess PROTO :DWORD
				MessageBoxA PROTO :DWORD, :DWORD, :DWORD, :DWORD

				.STACK 4096										
asem1.asm(8) : error A2008:syntax error : .

 00000000			.CONST													

 00000000			.DATA				
 00000000 00000005				a dd 5
 00000004 00000004				b dd 4
 00000008 CE EA ED EE				wind db "Окно"
 0000000C D0 E5 E7 F3 EB			result db "Результат вычислений = < >", 0 
	   FC F2 E0 F2 20
	   E2 FB F7 E8 F1
	   EB E5 ED E8 E9
	   20 3D 20 3C 20
	   3E 00

 00000000			.CODE													

 00000000			main PROC												
 00000000			START :													
 00000000  8B 05 00000000 R			mov eax, a
 00000006  03 05 00000004 R			add eax, b
 0000000C  83 C0 30				add eax, 30h
						
 0000000F  88 05 00000024 R			mov result+24, al
						
						invoke MessageBoxA, 0, offset result, offset wind, 0
asem1.asm(28) : error A2008:syntax error : MessageBoxA

 00000015  6A 00				push 0
 00000017  E8 00000000 E			call ExitProcess
 0000001C			main ENDP

				end main		
Microsoft (R) Macro Assembler (x64) Version 14.37.32822.0   11/22/23 11:32:33
asem1.asm						     Symbols 2 - 1




Segments:

                N a m e                  Length   Align   Class

CONST  . . . . . . . . . . . . .	 00000000 16	  'CONST'	 ReadOnly


Procedures, parameters, and locals:

                N a m e                 Type     Value    Attr

ExitProcess  . . . . . . . . . .	P 	 00000000 Length= 00000000 External
MessageBoxA  . . . . . . . . . .	P 	 00000000 Length= 00000000 External
main . . . . . . . . . . . . . .	P 	 00000000 _TEXT	Length= 0000001C Public
  START  . . . . . . . . . . . .	L 	 00000000 _TEXT	


Symbols:

                N a m e                 Type     Value    Attr

a  . . . . . . . . . . . . . . .	DWord	 00000000 _DATA	
b  . . . . . . . . . . . . . . .	DWord	 00000004 _DATA	
result . . . . . . . . . . . . .	Byte	 0000000C _DATA	
wind . . . . . . . . . . . . . .	Byte	 00000008 _DATA	

	   0 Warnings
	   6 Errors
