  Error.cpp
  FST.cpp
E:\универ\КПО\laba_17\laba_17\laba_17\FST.cpp(62,17): warning C4267: инициализация: преобразование из "size_t" в "short"; возможна потеря данных
  In.cpp
  IT.cpp
E:\универ\КПО\laba_17\laba_17\laba_17\IT.cpp(79,32): warning C4267: =: преобразование из "size_t" в "unsigned char"; возможна потеря данных
E:\универ\КПО\laba_17\laba_17\laba_17\IT.cpp(99,32): warning C4267: =: преобразование из "size_t" в "unsigned char"; возможна потеря данных
  laba_17.cpp
E:\универ\КПО\laba_17\laba_17\laba_17\laba_17.cpp(47,5): warning C4102: Log: неиспользованная метка
  LexAnalysis.cpp
E:\универ\КПО\laba_17\laba_17\laba_17\LexAnalysis.cpp(80,17): warning C4305: =: усечение из "int" в "char"
E:\универ\КПО\laba_17\laba_17\laba_17\LexAnalysis.cpp(80,17): warning C4309: =: усечение константного значения
  Log.cpp
  LT.cpp
  Out.cpp
  Parm.cpp
  Создание кода...
E:\универ\КПО\laba_17\laba_17\laba_17\LT.cpp(23): warning C4715: LT::LexTable::GetEntry: значение возвращается не при всех путях выполнения
E:\универ\КПО\laba_17\laba_17\laba_17\IT.cpp(160): warning C4715: IT::IdTable::GetEntry: значение возвращается не при всех путях выполнения
E:\универ\КПО\laba_17\laba_17\laba_17\IT.cpp(192): warning C4172: возвращение адреса локальной или временной переменной : buffer
  laba_17.vcxproj -> E:\универ\КПО\laba_17\laba_17\x64\Debug\laba_17.exe
