  Error.cpp
  FST.cpp
E:\универ\КПО\laba_18!\laba18\laba18\FST.cpp(62,17): warning C4267: инициализация: преобразование из "size_t" в "short"; возможна потеря данных
  GRB.cpp
  In.cpp
  IT.cpp
E:\универ\КПО\laba_18!\laba18\laba18\IT.cpp(79,32): warning C4267: =: преобразование из "size_t" в "unsigned char"; возможна потеря данных
E:\универ\КПО\laba_18!\laba18\laba18\IT.cpp(99,32): warning C4267: =: преобразование из "size_t" в "unsigned char"; возможна потеря данных
  laba18.cpp
  LexAnalysis.cpp
E:\универ\КПО\laba_18!\laba18\laba18\LexAnalysis.cpp(32,13): warning C4267: аргумент: преобразование из "size_t" в "int"; возможна потеря данных
E:\универ\КПО\laba_18!\laba18\laba18\LexAnalysis.cpp(47,15): warning C4267: аргумент: преобразование из "size_t" в "int"; возможна потеря данных
E:\универ\КПО\laba_18!\laba18\laba18\LexAnalysis.cpp(59,15): warning C4267: аргумент: преобразование из "size_t" в "int"; возможна потеря данных
E:\универ\КПО\laba_18!\laba18\laba18\LexAnalysis.cpp(62,14): warning C4267: аргумент: преобразование из "size_t" в "int"; возможна потеря данных
E:\универ\КПО\laba_18!\laba18\laba18\LexAnalysis.cpp(78,14): warning C4267: аргумент: преобразование из "size_t" в "int"; возможна потеря данных
E:\универ\КПО\laba_18!\laba18\laba18\LexAnalysis.cpp(80,17): warning C4305: =: усечение из "int" в "char"
E:\универ\КПО\laba_18!\laba18\laba18\LexAnalysis.cpp(80,17): warning C4309: =: усечение константного значения
  Log.cpp
  LT.cpp
  MFST.cpp
E:\универ\КПО\laba_18!\laba18\laba18\MFST.cpp(236,66): warning C4267: =: преобразование из "size_t" в "short"; возможна потеря данных
  Out.cpp
  Parm.cpp
  Создание кода...
E:\универ\КПО\laba_18!\laba18\laba18\LT.cpp(23): warning C4715: LT::LexTable::GetEntry: значение возвращается не при всех путях выполнения
E:\универ\КПО\laba_18!\laba18\laba18\IT.cpp(160): warning C4715: IT::IdTable::GetEntry: значение возвращается не при всех путях выполнения
E:\универ\КПО\laba_18!\laba18\laba18\IT.cpp(192): warning C4172: возвращение адреса локальной или временной переменной : buffer
  laba18.vcxproj -> E:\универ\КПО\laba_18!\laba18\x64\Debug\laba18.exe
